updating Zoom (2006)...
updating Young Guns II (1990)...
updating Yogi Bear (2010)...
updating Elektra (2005)...
updating While You Were Sleeping (1995)...
updating Who Framed Roger Rabbit (1988)...
updating What's Eating Gilbert Grape (1993)...
updating What Lies Beneath (2000)...
updating What Dreams May Come (1998)...
updating The Simpsons Movie (2007)...
updating We Bought a Zoo (2011)...
updating We Are Marshall (2006)...
updating Watchmen (2009)...
updating Vampires (1998)...
updating V for Vendetta (2005)...
updating Unleashed (2005)...
updating Ultraviolet (2006)...
updating 300 (2006)...
updating 300: Rise of an Empire (2014)...
updating Alien (1979)...
updating Aliens (1986)...
updating Alien: Resurrection (1997)...
updating Prometheus (2012)...
updating Analyze This (1999)...
updating Analyze That (2002)...
updating Bridget Jones: The Edge of Reason (2004)...
updating Bring It On (2000)...
updating Charlie's Angels (2000)...
updating Charlie's Angels: Full Throttle (2003)...
updating Darkman (1990)...
updating Dirty Dancing (1987)...
updating Dirty Dancing: Havana Nights (2004)...
updating The Colour of Magic (2008)...
updating Soul Music (1997)...
updating Going Postal (2010)...
updating Toy Story (1995)...
updating Toy Story 2 (1999)...
updating Toy Story 3 (2010)...
updating Tinker Bell and the Lost Treasure (2009)...
updating Tinker Bell and the Great Fairy Rescue (2010)...
updating Secret of the Wings (2012)...
updating The Rescuers (1977)...
updating The Rescuers Down Under (1990)...
updating The Emperor's New Groove (2000)...
updating The Many Adventures of Winnie the Pooh (1977)...
updating Pooh's Grand Adventure: The Search for Christopher Robin (1997)...
updating The Tigger Movie (2000)...
updating Piglet's Big Movie (2003)...
updating Pooh's Heffalump Movie (2005)...
updating My Friends Tigger and Pooh Super Sleuth Christmas Movie (2007)...
updating Winnie the Pooh (2011)...
updating The Evil Dead (1981)...
updating Evil Dead II (1987)...
updating Army of Darkness (1992)...
updating Evil Dead (2013)...
updating The Chronicles of Narnia: The Lion, the Witch and the Wardrobe (2005)...
updating The Chronicles of Narnia: Prince Caspian (2008)...
updating The Chronicles of Narnia: The Voyage of the Dawn Treader (2010)...
updating Cloudy with a Chance of Meatballs (2009)...
updating Cloudy with a Chance of Meatballs 2 (2013)...
updating Conan the Barbarian (1982)...
updating Conan the Destroyer (1984)...
updating Conan the Barbarian (2011)...
updating Fearless (2006)...
updating Footloose (1984)...
updating Footloose (2011)...
updating Fright Night (2011)...
updating Fright Night 2: New Blood (2013)...
updating Futurama: Bender's Big Score (2007)...
updating Futurama: The Beast with a Billion Backs (2008)...
updating Futurama: Into the Wild Green Yonder (2009)...
updating Be Cool (2005)...
updating Ghostbusters II (1989)...
updating The Godfather: Part III (1990)...
updating Gremlins (1984)...
updating Gremlins 2: The New Batch (1990)...
updating Manhunter (1986)...
updating Red Dragon (2002)...
updating The Silence of the Lambs (1991)...
updating Hannibal (2001)...
updating Hannibal Rising (2007)...
updating Harold & Kumar Go to White Castle (2004)...
updating A Very Harold & Kumar Christmas (2011)...
updating Highlander: The Final Dimension (1994)...
updating Highlander: The Source (2007)...
updating Home Alone (1990)...
updating Home Alone 2: Lost In New York (1992)...
updating How to Train Your Dragon (2010)...
updating How to Train Your Dragon 2 (2014)...
updating Ice Age (2002)...
updating Ice Age: The Meltdown (2006)...
updating Ice Age: Dawn of the Dinosaurs (2009)...
updating Ice Age: Continental Drift (2012)...
updating Raiders of the Lost Ark (1981)...
updating Indiana Jones and the Temple of Doom (1984)...
updating Indiana Jones and the Last Crusade (1989)...
updating Indiana Jones and the Kingdom of the Crystal Skull (2008)...
updating Ip Man (2008)...
updating Ip Man 2 (2010)...
updating Ip Man: The Final Fight (2013)...
updating Iron Eagle II (1988)...
updating Iron Eagle III (1992)...
updating Iron Eagle IV (1995)...
updating Jackass Number Two (2006)...
updating Jackass 3D (2010)...
updating Jackass 3.5 (2011)...
updating Jaws (1975)...
updating Jaws: The Revenge (1987)...
updating Johnny English (2003)...
updating Johnny English Reborn (2011)...
updating Journey to the Center of the Earth (2008)...
updating Journey 2: The Mysterious Island (2012)...
updating Jurassic Park (1993)...
updating The Lost World: Jurassic Park (1997)...
updating Jurassic Park III (2001)...
updating The Karate Kid (1984)...
updating The Karate Kid, Part II (1986)...
updating The Karate Kid, Part III (1989)...
updating The Next Karate Kid (1994)...
updating The Karate Kid (2010)...
updating Kung Fu Panda (2008)...
updating Kung Fu Panda 2 (2011)...
updating Kung Fu Panda Holiday (2010)...
updating Kung Fu Panda: Secrets of the Masters (2011)...
updating The Big Brawl (1980)...
updating New Police Story (2004)...
updating Police Story (1985)...
updating The Legend of Drunken Master (1994)...
updating The Spy Next Door (2010)...
updating The Tuxedo (2002)...
updating Black Mask (1996)...
updating Romeo Must Die (2000)...
updating The Medallion (2003)...
updating The One (2001)...
updating Hero (2002)...
updating Kung Fu Hustle (2004)...
updating The God of Cookery (1996)...
updating Shaolin Soccer (2001)...
updating Chinese Zodiac (2012)...
updating Crouching Tiger, Hidden Dragon (2000)...
updating Dragon: The Bruce Lee Story (1993)...
updating Iron Monkey (1993)...
updating Ong Bak (2003)...
updating Ong Bak 2 (2008)...
updating Ong Bak 3 (2010)...
updating Enter the Dragon (1973)...
updating Way of the Dragon (1972)...
updating Fist of Legend (1994)...
updating The Raid (2011)...
updating The Raid 2 (2014)...
updating Flash Point (2007)...
updating Tai-Chi Master (1993)...
updating Man of Tai Chi (2013)...
updating Legend of the Fist: The Return of Chen Zhen (2010)...
updating The 36th Chamber of Shaolin (1978)...
updating The Last Dragon (1985)...
updating Lethal Weapon (1987)...
updating Lethal Weapon 2 (1989)...
updating Lethal Weapon 3 (1992)...
updating Lethal Weapon 4 (1998)...
updating Mad Max (1979)...
updating Mad Max 2: The Road Warrior (1981)...
updating Madagascar (2005)...
updating Madagascar: Escape 2 Africa (2008)...
updating Madagascar 3: Europe's Most Wanted (2012)...
updating Major League (1989)...
updating Major League II (1994)...
updating Major League: Back to the Minors (1998)...
updating Megamind (2010)...
updating Megamind: The Button of Doom (2011)...
updating Miss Congeniality (2000)...
updating Miss Congeniality 2: Armed and Fabulous (2005)...
updating Mission: Impossible (1996)...
updating Mission: Impossible II (2000)...
updating Mission: Impossible III (2006)...
updating Mission: Impossible - Ghost Protocol (2011)...
updating Mortal Kombat (1995)...
updating Mortal Kombat: Annihilation (1997)...
updating The Muppet Movie (1979)...
updating The Muppet Christmas Carol (1992)...
updating The Muppets (2011)...
updating Muppets Most Wanted (2014)...
updating National Treasure (2004)...
updating National Treasure: Book of Secrets (2007)...
updating Once Upon a Time in China (1991)...
updating Once Upon a Time in China II (1992)...
updating Once Upon a Time in China III (1993)...
updating Once Upon a Time in China IV (1993)...
updating Once Upon a Time in China & America (1997)...
updating A Charlie Brown Christmas (1965)...
updating Happiness Is a Warm Blanket, Charlie Brown (2011)...
updating Big Top Pee-wee (1988)...
updating Percy Jackson & the Olympians: The Lightning Thief (2010)...
updating Percy Jackson: Sea of Monsters (2013)...
updating Pirates of the Caribbean: The Curse of the Black Pearl (2003)...
updating Pirates of the Caribbean: Dead Man's Chest (2006)...
updating Pirates of the Caribbean: At World's End (2007)...
updating Pirates of the Caribbean: On Stranger Tides (2011)...
updating Pitch Perfect (2012)...
updating Planet of the Apes (1968)...
updating Beneath the Planet of the Apes (1970)...
updating Escape from the Planet of the Apes (1971)...
updating Conquest of the Planet of the Apes (1972)...
updating Battle for the Planet of the Apes (1973)...
updating Rise of the Planet of the Apes (2011)...
updating Dawn of the Planet of the Apes (2014)...
updating Planet of the Apes (2001)...
updating Police Academy (1984)...
updating Predator (1987)...
updating Predator 2 (1990)...
updating Predators (2010)...
updating First Blood (1982)...
updating Rambo: First Blood Part II (1985)...
updating Rambo III (1988)...
updating Rambo (2008)...
updating Resident Evil: Degeneration (2008)...
updating Resident Evil (2002)...
updating Resident Evil: Apocalypse (2004)...
updating Resident Evil: Extinction (2007)...
updating Resident Evil: Afterlife (2010)...
updating Resident Evil: Retribution (2012)...
updating Pitch Black (2000)...
updating The Chronicles of Riddick (2004)...
updating Riddick (2013)...
updating Rio (2011)...
updating Rio 2 (2014)...
updating RoboCop (1987)...
updating RoboCop 2 (1990)...
updating RoboCop 3 (1993)...
updating RoboCop (2014)...
updating Rocky (1976)...
updating Rocky II (1979)...
updating Rocky III (1982)...
updating Rocky IV (1985)...
updating Rocky V (1990)...
updating Rocky Balboa (2006)...
updating Romancing the Stone (1984)...
updating The Jewel of the Nile (1985)...
updating Rush Hour (1998)...
updating Rush Hour 2 (2001)...
updating Rush Hour 3 (2007)...
updating Sex and the City (2008)...
updating Sex and the City 2 (2010)...
updating Shanghai Noon (2000)...
updating Shanghai Knights (2003)...
updating Sharknado (2013)...
updating Sherlock Holmes (2009)...
updating Sherlock Holmes: A Game of Shadows (2011)...
updating Short Circuit (1986)...
updating Short Circuit 2 (1988)...
updating Shrek (2001)...
updating Shrek 2 (2004)...
updating Shrek Forever After (2010)...
updating Shrek the Third (2007)...
updating Sister Act (1992)...
updating Species (1995)...
updating Species III (2004)...
updating Speed 2: Cruise Control (1997)...
updating Star Trek: The Motion Picture (1979)...
updating Star Trek II: The Wrath of Khan (1982)...
updating Star Trek III: The Search for Spock (1984)...
updating Star Trek IV: The Voyage Home (1986)...
updating Star Trek V: The Final Frontier (1989)...
updating Star Trek VI: The Undiscovered Country (1991)...
updating Star Trek: Generations (1994)...
updating Star Trek: First Contact (1996)...
updating Star Trek: Insurrection (1998)...
updating Star Trek: Nemesis (2002)...
updating Star Trek (2009)...
updating Star Trek Into Darkness (2013)...
updating Ewoks: The Battle for Endor (1985)...
updating Starship Troopers (1997)...
updating Starship Troopers 2: Hero of the Federation (2004)...
updating Starship Troopers 3: Marauder (2008)...
updating Starship Troopers : Invasion (2012)...
updating Step Up (2006)...
updating Step Up 2: The Streets (2008)...
updating Step Up 3D (2010)...
updating Stuart Little (1999)...
updating Stuart Little 2 (2002)...
updating 3 Ninjas (1992)...
updating Teenage Mutant Ninja Turtles (1990)...
updating Teenage Mutant Ninja Turtles II: The Secret of the Ooze (1991)...
updating Teenage Mutant Ninja Turtles III (1993)...
updating TMNT (2007)...
updating Teenage Mutant Ninja Turtles (2014)...
updating The Terminator (1984)...
updating Terminator 2: Judgment Day (1991)...
updating Terminator 3: Rise of the Machines (2003)...
updating Terminator Salvation (2009)...
updating The Addams Family (1991)...
updating Addams Family Values (1993)...
updating The Blues Brothers (1980)...
updating The Butterfly Effect (2004)...
updating The Butterfly Effect 2 (2006)...
updating The Butterfly Effect 3: Revelations (2009)...
updating The Crow (1994)...
updating The Crow: City of Angels (1996)...
updating The Crow: Salvation (2000)...
updating The Da Vinci Code (2006)...
updating Angels & Demons (2009)...
updating The Fly (1986)...
updating The Fly II (1989)...
updating The Hangover (2009)...
updating The Hangover Part II (2011)...
updating The Hangover Part III (2013)...
updating The Hunger Games (2012)...
updating The Hunger Games: Mockingjay - Part 1 (2014)...
updating The Lord of the Rings: The Fellowship of the Ring (2001)...
updating The Hobbit (1977)...
updating The Lord of the Rings: The Two Towers (2002)...
updating The Lord of the Rings: The Return of the King (2003)...
updating The Hobbit: An Unexpected Journey (2012)...
updating The Hobbit: The Desolation of Smaug (2013)...
updating The Hobbit: The Battle of the Five Armies (2014)...
updating The Matrix (1999)...
updating The Matrix Reloaded (2003)...
updating The Matrix Revolutions (2003)...
updating The Mummy (1999)...
updating The Mummy Returns (2001)...
updating The Mummy: Tomb of the Dragon Emperor (2008)...
updating The NeverEnding Story II: The Next Chapter (1990)...
updating The Pink Panther (2006)...
updating The Pink Panther 2 (2009)...
updating The Pink Panther (1963)...
updating The Return of the Pink Panther (1975)...
updating The Pink Panther Strikes Again (1976)...
updating Revenge of the Pink Panther (1978)...
updating Trail of the Pink Panther (1982)...
updating The Prince & Me (2004)...
updating The Ring Two (2005)...
updating The Santa Clause (1994)...
updating The Santa Clause 2 (2002)...
updating The Santa Clause 3: The Escape Clause (2006)...
updating The Scorpion King (2002)...
updating The Scorpion King: Rise of a Warrior (2008)...
updating The Scorpion King 3: Battle for Redemption (2012)...
updating The Smurfs (2011)...
updating The Smurfs 2 (2013)...
updating The Whole Nine Yards (2000)...
updating The Whole Ten Yards (2004)...
updating Lara Croft: Tomb Raider (2001)...
updating Lara Croft Tomb Raider: The Cradle of Life (2003)...
updating Transformers (2007)...
updating Transformers: Revenge of the Fallen (2009)...
updating Transformers: Dark of the Moon (2011)...
updating Transformers: Age of Extinction (2014)...
updating TRON (1982)...
updating TRON: Legacy (2010)...
updating Twilight (2008)...
updating The Twilight Saga: New Moon (2009)...
updating The Twilight Saga: Eclipse (2010)...
updating The Twilight Saga: Breaking Dawn - Part 1 (2011)...
updating The Twilight Saga: Breaking Dawn - Part 2 (2012)...
updating The Fugitive (1993)...
updating U.S. Marshals (1998)...
updating The Mummy Resurrected (2014)...
updating Aeon Flux (2005)...
updating Harold & Kumar Escape from Guantanamo Bay (2008)...
updating Men in Black (1997)...
updating Men in Black 3 (2012)...
updating Men in Black II (2002)...
updating American Psycho (2000)...
updating Along Came a Spider (2001)...
updating Balto (1995)...
updating Beethoven (1992)...
updating Bulletproof Monk (2003)...
updating Cocoon (1985)...
updating Independence Day (1996)...
updating The Lawnmower Man (1992)...
updating The Mask of Zorro (1998)...
updating The Time Machine (2002)...
updating Charlotte's Web (1973)...
updating Charlotte's Web (2006)...
updating Inspector Gadget (1999)...
updating Armour of God II: Operation Condor (1991)...
updating Problem Child (1990)...
updating Street Fighter (1994)...
updating Doctor Dolittle (1998)...
updating Dredd (2012)...
updating Judge Dredd (1995)...
updating Dune (1984)...
updating God's Not Dead (2014)...
updating Honey, I Shrunk the Kids (1989)...
updating Hot Tub Time Machine (2010)...
updating How the Grinch Stole Christmas (2000)...
updating Interview with the Vampire (1994)...
updating Jack Reacher (2012)...
updating Jingle All the Way (1996)...
updating Look Who's Talking (1989)...
updating Now You See Me (2013)...
updating Oz: The Great and Powerful (2013)...
updating Paul Blart: Mall Cop (2009)...
updating The Mighty Ducks (1992)...
updating The Time Machine (1960)...
updating The Wizard of Oz (1939)...
updating The Woman in Black (2012)...
updating Total Recall (1990)...
updating Total Recall (2012)...
updating Penguins of Madagascar (2014)...
updating The Woman in Black 2: Angel of Death (2014)...
updating Drunken Master (1978)...
updating Rumble in the Bronx (1995)...
updating The Prince & Me 2: The Royal Wedding (2006)...
updating Aeon Flux (2005)...
updating Tales from the Crypt: Demon Knight (1995)...
updating Cocoon: The Return (1988)...
updating Balto II: Wolf Quest (2002)...
updating Bordello of Blood (1996)...
updating Jingle All the Way 2 (2014)...
updating Tekken: Blood Vengeance (2011)...
updating Tekken: Kazuya's Revenge (2014)...
updating The Legend Is Born: Ip Man (2010)...
updating Project A (1983)...
updating Jodorowsky's Dune (2013)...
updating Leprechaun 3 (1995)...
updating Leprechaun 4: In Space (1997)...
updating Leprechaun: Back 2 tha Hood (2003)...
updating Exorcist II: The Heretic (1977)...
updating Dominion: Prequel to the Exorcist (2005)...
updating Queen of the Damned (2002)...
updating Return to Oz (1985)...
updating The Love Bug (1968)...
updating Tinker Bell and the Legend of the NeverBeast (2014)...
updating Step Up All In (2014)...
updating The Exorcist (1973)...
updating Saints and Soldiers: The Void (2014)...
updating Poltergeist II: The Other Side (1986)...
updating Mad Max: Fury Road (2015)...
updating Street Fighter II: The Animated Movie (1994)...
updating The Man with the Iron Fists 2 (2015)...
updating The Man with the Iron Fists (2012)...
updating Street Fighter: The Legend of Chun-Li (2009)...
updating Street Fighter: Assassin's Fist (2014)...
updating Sharknado 3: Oh Hell No! (2015)...
updating Terminator Genisys (2015)...
updating The Lord of the Rings (1978)...
updating Creed (2015)...
updating Ip Man 3 (2015)...
updating Kung Fu Panda 3 (2016)...
updating The Transformers: The Movie (1986)...
updating Saints and Soldiers: Airborne Creed (2012)...
updating The Beastmaster (1982)...
updating Kiss the Girls (1997)...
updating Twin Dragons (1992)...
updating God's Not Dead 2 (2016)...
updating Problem Child 2 (1991)...
updating Snow White and the Huntsman (2012)...
updating The Huntsman: Winter's War (2016)...
updating Now You See Me 2 (2016)...
updating Teenage Mutant Ninja Turtles: Out of the Shadows (2016)...
updating Skiptrace (2016)...
updating Star Trek Beyond (2016)...
updating Scrat: Spaced Out (2016)...
updating How the Grinch Stole Christmas! (1966)...
updating Police Story: Lockdown (2013)...
updating Inferno (2016)...
updating D2: The Mighty Ducks (1994)...
updating D3: The Mighty Ducks (1996)...
updating Fantastic Beasts and Where to Find Them (2016)...
updating Ben-Hur (2016)...
updating Rogue One: A Star Wars Story (2016)...
updating Resident Evil: Damnation (2012)...
updating Resident Evil: The Final Chapter (2016)...
updating The Ewok Adventure (1984)...
updating Kung Fu Yoga (2017)...
updating Camelot (1967)...
updating Split (2017)...
