  [Feb 15 13:06:22] Checking CPU stats...[0 seconds]
  [Feb 15 13:06:22] Checking services...[0 seconds]
  [Feb 15 13:06:58] Checking CPU stats...[0 seconds]
  [Feb 15 13:06:58] Checking services...[0 seconds]
Checking LAN.. 0
[3 seconds]
  [Feb 15 13:08:56] Checking CPU stats...[0 seconds]
  [Feb 15 13:08:56] Checking services...[0 seconds]
  [Feb 15 13:09:31] Checking CPU stats...[0 seconds]
  [Feb 15 13:09:31] Checking services...[0 seconds]
  [Feb 15 13:10:57] Checking LAN..  Cortana Wheatley BB8 R2D2 Scholomance Shodan...[4 seconds]
  [Feb 15 13:11:23] Checking LAN..  Frontporch Backporch BackYard EastGarage WestGarage...[6 seconds]
  [Feb 15 13:11:53] ETN Values...[0 seconds]
  [Feb 15 13:11:53] Spacepools Account...[0 seconds]
  [Feb 15 13:12:04] Checking CPU stats...[0 seconds]
  [Feb 15 13:12:04] Checking services...[0 seconds]
  [Feb 15 13:12:18] Checking CPU stats...[0 seconds]
  [Feb 15 13:12:18] Checking services...[0 seconds]
  [Feb 15 13:19:03] Checking CPU stats...[0 seconds]
  [Feb 15 13:19:03] Checking services...[1 seconds]
  [Feb 15 13:19:04] Checking LAN..  VPN Cortana Wheatley BB8 R2D2 Scholomance Shodan...[7 seconds]
  [Feb 15 13:19:11] Checking LAN..  Frontporch Backporch BackYard EastGarage WestGarage...[6 seconds]
  [Feb 15 13:20:08] Checking CPU stats...[0 seconds]
  [Feb 15 13:20:08] Checking services...[0 seconds]
  [Feb 15 13:21:44] Checking CPU stats...[0 seconds]
  [Feb 15 13:21:44] Checking services...[0 seconds]
  [Feb 15 13:23:37] Checking CPU stats...[0 seconds]
  [Feb 15 13:23:37] Checking services...[0 seconds]
  [Feb 15 13:24:18] Checking CPU stats...[0 seconds]
  [Feb 15 13:24:18] Checking services...[0 seconds]
  [Feb 15 13:24:18] Checking LAN..  VPN Cortana Wheatley BB8 R2D2 Scholomance Shodan...[4 seconds]
  [Feb 15 13:24:22] Checking LAN..  Frontporch Backporch BackYard EastGarage WestGarage...[6 seconds]
  [Feb 15 13:24:38] Checking CPU stats...[0 seconds]
  [Feb 15 13:24:39] Checking services...[0 seconds]
  [Feb 15 13:26:10] Checking CPU stats...[0 seconds]
  [Feb 15 13:26:10] Checking services...[0 seconds]
  [Feb 15 13:34:38] Checking CPU stats...[0 seconds]
  [Feb 15 13:34:44] Checking CPU stats...[0 seconds]
  [Feb 15 13:34:44] Checking services...[0 seconds]
  [Feb 15 13:34:44] Checking LAN..  VPN Cortana Wheatley BB8 R2D2 Scholomance Shodan...[5 seconds]
  [Feb 15 13:34:49] Checking LAN..  Frontporch Backporch BackYard EastGarage WestGarage...[6 seconds]
  [Feb 15 13:40:39] Checking CPU stats...[0 seconds]
  [Feb 15 13:40:39] Checking services...[0 seconds]
  [Feb 15 13:40:39] Checking LAN ( VPN Cortana Wheatley BB8 R2D2 Scholomance Shodan)...[4 seconds]
  [Feb 15 13:40:43] Checking LAN ( Frontporch Backporch BackYard EastGarage WestGarage)...[17 seconds]
  [Feb 15 13:47:04] Checking CPU stats...[0 seconds]
  [Feb 15 13:47:40] Checking CPU stats...[0 seconds]
  [Feb 15 13:47:41] Checking services...[0 seconds]
  [Feb 15 13:47:41] Checking LAN ( VPN Cortana Wheatley BB8 R2D2 Scholomance Shodan)...[4 seconds]
  [Feb 15 13:47:45] Checking LAN ( Frontporch Backporch BackYard EastGarage WestGarage)...[6 seconds]
  [Feb 15 13:48:06] Checking CPU stats...[1 seconds]
  [Feb 15 13:48:07] Checking services...[0 seconds]
  [Feb 15 13:50:02] Checking CPU stats...[0 seconds]
  [Feb 15 13:50:02] Checking services...[0 seconds]
  [Feb 15 13:50:18] Checking CPU stats...[0 seconds]
  [Feb 15 13:50:19] Checking services...[0 seconds]
  [Feb 15 13:51:01] Checking CPU stats...[0 seconds]
  [Feb 15 13:51:01] Checking services...[1 seconds]
  [Feb 15 13:51:02] Checking LAN ( VPN Cortana Wheatley BB8 R2D2 Scholomance Shodan)...[4 seconds]
  [Feb 15 13:51:06] Checking LAN ( Frontporch Backporch BackYard EastGarage WestGarage)...[6 seconds]
  [Feb 15 13:51:12] ETN Values...[0 seconds]
  [Feb 15 13:51:12] Spacepools Account...[1 seconds]
  [Feb 15 13:51:25] Checking CPU stats...[0 seconds]
  [Feb 15 13:51:26] Checking services...[0 seconds]
  [Feb 15 13:51:26] Checking LAN ( VPN Cortana Wheatley BB8 R2D2 Scholomance Shodan)...[4 seconds]
  [Feb 15 13:51:30] Checking LAN ( Frontporch Backporch BackYard EastGarage WestGarage)...[16 seconds]
  [Feb 15 13:51:46] ETN Values...[1 seconds]
  [Feb 15 13:51:47] Spacepools Account...[0 seconds]
  [Feb 15 13:52:03] Checking CPU stats...[0 seconds]
  [Feb 15 13:52:03] Checking services...[0 seconds]
  [Feb 15 14:34:27] Checking CPU stats...[0 seconds]
  [Feb 15 14:34:27] Checking services...[0 seconds]
  [Feb 15 14:34:27] Checking LAN ( VPN Cortana Wheatley BB8 R2D2 Scholomance Shodan)...[7 seconds]
  [Feb 15 14:34:34] Checking LAN ( Frontporch Backporch BackYard EastGarage WestGarage)...[6 seconds]
  [Feb 15 14:50:56] Checking CPU stats...[0 seconds]
  [Feb 15 14:50:56] Checking services...[0 seconds]
  [Feb 15 14:50:56] Checking LAN ( VPN Cortana Wheatley BB8 R2D2 Scholomance Shodan)...[9 seconds]
  [Feb 15 14:51:05] Checking LAN ( Frontporch Backporch BackYard EastGarage WestGarage)...[7 seconds]
  [Feb 15 14:51:12] ETN Values...[0 seconds]
  [Feb 15 14:51:12] Spacepools Account...[1 seconds]
  [Feb 15 14:51:28] Checking CPU stats...[0 seconds]
  [Feb 15 14:51:28] Checking services...[1 seconds]
  [Feb 15 14:53:13] Checking CPU stats...[0 seconds]
  [Feb 15 14:53:13] Checking services...[0 seconds]
  [Feb 15 14:54:01] Checking CPU stats...[0 seconds]
  [Feb 15 14:54:01] Checking services...[0 seconds]
  [Feb 15 14:55:15] Checking CPU stats...[0 seconds]
  [Feb 15 14:55:15] Checking services...[1 seconds]
  [Feb 15 14:56:43] Checking CPU stats...[0 seconds]
  [Feb 15 14:56:43] Checking services...[0 seconds]
  [Feb 15 14:56:43] Checking LAN ( VPN Cortana Wheatley BB8 R2D2 Scholomance Shodan)...[11 seconds]
  [Feb 15 14:56:54] Checking LAN ( Frontporch Backporch BackYard EastGarage WestGarage)...[16 seconds]
  [Feb 15 14:57:10] ETN Values...[0 seconds]
  [Feb 15 14:57:10] Spacepools Account...[1 seconds]
  [Feb 15 14:57:36] Checking CPU stats...[0 seconds]
  [Feb 15 14:57:36] Checking services...[0 seconds]
  [Feb 15 14:58:06] Checking CPU stats...[0 seconds]
  [Feb 15 14:58:06] Checking services...[0 seconds]
  [Feb 15 14:58:48] Checking CPU stats...[0 seconds]
  [Feb 15 14:58:48] Checking services...[0 seconds]
  [Feb 15 14:59:37] Checking CPU stats...[0 seconds]
  [Feb 15 14:59:37] Checking services...[0 seconds]
  [Feb 15 14:59:37] Checking LAN ( VPN Cortana Wheatley BB8 R2D2 Scholomance Shodan)...[4 seconds]
  [Feb 15 14:59:41] Checking LAN ( Frontporch Backporch BackYard EastGarage WestGarage)...[6 seconds]
  [Feb 15 14:59:47] ETN Values...[0 seconds]
  [Feb 15 14:59:47] Spacepools Account...[1 seconds]
